<?xml version="1.0" encoding="UTF-8"?>
<!-- Generated by org.testng.reporters.JUnitReportReporter -->
<testsuite hostname="user-PC" failures="0" tests="1" name="testscript.Testcase1" time="91.996" errors="0" timestamp="2022-02-15T11:44:09 IST" skipped="0">
  <testcase classname="testscript.Testcase1" name="tc1" time="91.996"/>
  <system-out/>
</testsuite> <!-- testscript.Testcase1 -->
