<?xml version="1.0" encoding="UTF-8"?>
<!-- Generated by org.testng.reporters.JUnitReportReporter -->
<testsuite hostname="user-PC" failures="0" tests="1" name="testscript.Testcase2" time="103.874" errors="0" timestamp="2022-02-20T16:08:31 IST" skipped="0">
  <testcase classname="testscript.Testcase2" name="tc1" time="103.874"/>
  <system-out>
    <![CDATA[SkillRary - Home | Facebook]]>
  </system-out>
</testsuite> <!-- testscript.Testcase2 -->
